<?xml version="1.0" encoding="UTF-8"?>
<!-- Generated by org.testng.reporters.JUnitReportReporter -->
<testsuite skipped="0" hostname="DESKTOP-UH1VAF7" name="Foundation.Testcases.loginPage" tests="2" failures="0" timestamp="08 May 2017 17:28:44 GMT" time="85.894" errors="0">
  <testcase name="veriftLoginpage" time="85.884" classname="Foundation.Testcases.loginPage"/>
  <testcase name="test" time="0.010" classname="Foundation.Testcases.loginPage"/>
</testsuite> <!-- Foundation.Testcases.loginPage -->
