<?xml version="1.0" encoding="UTF-8"?>
<!-- Generated by org.testng.reporters.JUnitReportReporter -->
<testsuite skipped="0" hostname="DESKTOP-UH1VAF7" name="Foundation.factory.baseclass" tests="1" failures="0" timestamp="03 May 2017 15:02:25 GMT" time="0.006" errors="0">
  <testcase name="test" time="0.006" classname="Foundation.factory.baseclass"/>
</testsuite> <!-- Foundation.factory.baseclass -->
