<?xml version="1.0" encoding="UTF-8"?>
<!-- Generated by org.testng.reporters.JUnitReportReporter -->
<testsuite skipped="0" hostname="DESKTOP-UH1VAF7" name="Foundation.Testcases.login" tests="1" failures="0" timestamp="03 Jul 2017 16:54:53 GMT" time="64.511" errors="0">
  <testcase name="verifyLoginPage" time="64.511" classname="Foundation.Testcases.login"/>
</testsuite> <!-- Foundation.Testcases.login -->
